{"C:\\Users\\vostro\\sm-app\\backend\\chartDataConfig.js": {"path":"C:\\Users\\vostro\\sm-app\\backend\\chartDataConfig.js","statementMap":{},"fnMap":{},"branchMap":{},"s":{},"f":{},"b":{},"_coverageSchema":"1a1c01bbd47fc00a2c39e90264f33305004495a9","hash":"7b51c67f7fd700fedf22e8faac5db24a39e4361f"}
,"C:\\Users\\vostro\\sm-app\\backend\\studentModel.js": {"path":"C:\\Users\\vostro\\sm-app\\backend\\studentModel.js","statementMap":{"0":{"start":{"line":1,"column":14},"end":{"line":12,"column":1}},"1":{"start":{"line":13,"column":0},"end":{"line":13,"column":26}}},"fnMap":{},"branchMap":{},"s":{"0":2,"1":2},"f":{},"b":{},"_coverageSchema":"1a1c01bbd47fc00a2c39e90264f33305004495a9","hash":"78b1385455e41fef168394f5cd6cb51efe512ef4"}
,"C:\\Users\\vostro\\sm-app\\backend\\studentRepo.js": {"path":"C:\\Users\\vostro\\sm-app\\backend\\studentRepo.js","statementMap":{"0":{"start":{"line":1,"column":17},"end":{"line":1,"column":42}},"1":{"start":{"line":2,"column":21},"end":{"line":2,"column":35}},"2":{"start":{"line":2,"column":27},"end":{"line":2,"column":35}},"3":{"start":{"line":3,"column":21},"end":{"line":3,"column":81}},"4":{"start":{"line":3,"column":28},"end":{"line":3,"column":81}},"5":{"start":{"line":3,"column":53},"end":{"line":3,"column":80}},"6":{"start":{"line":4,"column":19},"end":{"line":9,"column":1}},"7":{"start":{"line":6,"column":4},"end":{"line":6,"column":37}},"8":{"start":{"line":7,"column":4},"end":{"line":7,"column":27}},"9":{"start":{"line":8,"column":4},"end":{"line":8,"column":19}},"10":{"start":{"line":11,"column":20},"end":{"line":18,"column":1}},"11":{"start":{"line":13,"column":14},"end":{"line":13,"column":74}},"12":{"start":{"line":13,"column":46},"end":{"line":13,"column":73}},"13":{"start":{"line":14,"column":2},"end":{"line":14,"column":32}},"14":{"start":{"line":14,"column":20},"end":{"line":14,"column":32}},"15":{"start":{"line":16,"column":2},"end":{"line":16,"column":62}},"16":{"start":{"line":17,"column":2},"end":{"line":17,"column":25}},"17":{"start":{"line":20,"column":22},"end":{"line":26,"column":3}},"18":{"start":{"line":21,"column":18},"end":{"line":21,"column":78}},"19":{"start":{"line":21,"column":50},"end":{"line":21,"column":77}},"20":{"start":{"line":22,"column":4},"end":{"line":22,"column":35}},"21":{"start":{"line":22,"column":22},"end":{"line":22,"column":35}},"22":{"start":{"line":24,"column":4},"end":{"line":24,"column":30}},"23":{"start":{"line":25,"column":4},"end":{"line":25,"column":16}},"24":{"start":{"line":28,"column":2},"end":{"line":28,"column":96}}},"fnMap":{"0":{"name":"(anonymous_0)","decl":{"start":{"line":2,"column":21},"end":{"line":2,"column":22}},"loc":{"start":{"line":2,"column":27},"end":{"line":2,"column":35}},"line":2},"1":{"name":"(anonymous_1)","decl":{"start":{"line":3,"column":21},"end":{"line":3,"column":22}},"loc":{"start":{"line":3,"column":28},"end":{"line":3,"column":81}},"line":3},"2":{"name":"(anonymous_2)","decl":{"start":{"line":3,"column":42},"end":{"line":3,"column":43}},"loc":{"start":{"line":3,"column":53},"end":{"line":3,"column":80}},"line":3},"3":{"name":"(anonymous_3)","decl":{"start":{"line":4,"column":19},"end":{"line":4,"column":20}},"loc":{"start":{"line":5,"column":0},"end":{"line":9,"column":1}},"line":5},"4":{"name":"(anonymous_4)","decl":{"start":{"line":11,"column":20},"end":{"line":11,"column":21}},"loc":{"start":{"line":12,"column":0},"end":{"line":18,"column":1}},"line":12},"5":{"name":"(anonymous_5)","decl":{"start":{"line":13,"column":33},"end":{"line":13,"column":34}},"loc":{"start":{"line":13,"column":46},"end":{"line":13,"column":73}},"line":13},"6":{"name":"(anonymous_6)","decl":{"start":{"line":20,"column":22},"end":{"line":20,"column":23}},"loc":{"start":{"line":20,"column":30},"end":{"line":26,"column":3}},"line":20},"7":{"name":"(anonymous_7)","decl":{"start":{"line":21,"column":37},"end":{"line":21,"column":38}},"loc":{"start":{"line":21,"column":50},"end":{"line":21,"column":77}},"line":21}},"branchMap":{"0":{"loc":{"start":{"line":14,"column":2},"end":{"line":14,"column":32}},"type":"if","locations":[{"start":{"line":14,"column":2},"end":{"line":14,"column":32}},{"start":{},"end":{}}],"line":14},"1":{"loc":{"start":{"line":22,"column":4},"end":{"line":22,"column":35}},"type":"if","locations":[{"start":{"line":22,"column":4},"end":{"line":22,"column":35}},{"start":{},"end":{}}],"line":22}},"s":{"0":1,"1":1,"2":0,"3":1,"4":0,"5":0,"6":1,"7":0,"8":0,"9":0,"10":1,"11":0,"12":0,"13":0,"14":0,"15":0,"16":0,"17":1,"18":0,"19":0,"20":0,"21":0,"22":0,"23":0,"24":1},"f":{"0":0,"1":0,"2":0,"3":0,"4":0,"5":0,"6":0,"7":0},"b":{"0":[0,0],"1":[0,0]},"_coverageSchema":"1a1c01bbd47fc00a2c39e90264f33305004495a9","hash":"92cd3a5b8d342a91506cc9151286eeb67df9083e"}
,"C:\\Users\\vostro\\sm-app\\backend\\studentService.js": {"path":"C:\\Users\\vostro\\sm-app\\backend\\studentService.js","statementMap":{"0":{"start":{"line":1,"column":26},"end":{"line":1,"column":50}},"1":{"start":{"line":2,"column":24},"end":{"line":9,"column":1}},"2":{"start":{"line":3,"column":17},"end":{"line":3,"column":19}},"3":{"start":{"line":4,"column":2},"end":{"line":4,"column":78}},"4":{"start":{"line":4,"column":45},"end":{"line":4,"column":78}},"5":{"start":{"line":5,"column":2},"end":{"line":5,"column":57}},"6":{"start":{"line":5,"column":22},"end":{"line":5,"column":57}},"7":{"start":{"line":6,"column":2},"end":{"line":6,"column":105}},"8":{"start":{"line":6,"column":60},"end":{"line":6,"column":105}},"9":{"start":{"line":7,"column":2},"end":{"line":7,"column":113}},"10":{"start":{"line":7,"column":65},"end":{"line":7,"column":113}},"11":{"start":{"line":8,"column":2},"end":{"line":8,"column":16}},"12":{"start":{"line":11,"column":23},"end":{"line":11,"column":63}},"13":{"start":{"line":11,"column":29},"end":{"line":11,"column":63}},"14":{"start":{"line":13,"column":23},"end":{"line":13,"column":67}},"15":{"start":{"line":13,"column":31},"end":{"line":13,"column":67}},"16":{"start":{"line":15,"column":19},"end":{"line":20,"column":1}},"17":{"start":{"line":16,"column":17},"end":{"line":16,"column":41}},"18":{"start":{"line":17,"column":2},"end":{"line":17,"column":56}},"19":{"start":{"line":17,"column":38},"end":{"line":17,"column":56}},"20":{"start":{"line":19,"column":2},"end":{"line":19,"column":47}},"21":{"start":{"line":29,"column":21},"end":{"line":29,"column":55}},"22":{"start":{"line":30,"column":20},"end":{"line":30,"column":73}},"23":{"start":{"line":30,"column":45},"end":{"line":30,"column":72}},"24":{"start":{"line":31,"column":4},"end":{"line":31,"column":30}},"25":{"start":{"line":31,"column":18},"end":{"line":31,"column":30}},"26":{"start":{"line":34,"column":19},"end":{"line":34,"column":47}},"27":{"start":{"line":35,"column":4},"end":{"line":37,"column":5}},"28":{"start":{"line":36,"column":6},"end":{"line":36,"column":24}},"29":{"start":{"line":40,"column":4},"end":{"line":44,"column":7}},"30":{"start":{"line":41,"column":6},"end":{"line":43,"column":7}},"31":{"start":{"line":42,"column":8},"end":{"line":42,"column":40}},"32":{"start":{"line":46,"column":4},"end":{"line":46,"column":19}},"33":{"start":{"line":50,"column":36},"end":{"line":54,"column":1}},"34":{"start":{"line":51,"column":21},"end":{"line":51,"column":55}},"35":{"start":{"line":52,"column":4},"end":{"line":52,"column":81}},"36":{"start":{"line":52,"column":38},"end":{"line":52,"column":79}},"37":{"start":{"line":56,"column":22},"end":{"line":56,"column":65}},"38":{"start":{"line":56,"column":30},"end":{"line":56,"column":65}},"39":{"start":{"line":58,"column":26},"end":{"line":61,"column":1}},"40":{"start":{"line":59,"column":21},"end":{"line":59,"column":55}},"41":{"start":{"line":60,"column":4},"end":{"line":60,"column":57}},"42":{"start":{"line":60,"column":38},"end":{"line":60,"column":55}},"43":{"start":{"line":62,"column":26},"end":{"line":73,"column":1}},"44":{"start":{"line":63,"column":2},"end":{"line":72,"column":4}},"45":{"start":{"line":64,"column":32},"end":{"line":64,"column":38}},"46":{"start":{"line":68,"column":34},"end":{"line":68,"column":41}},"47":{"start":{"line":75,"column":35},"end":{"line":98,"column":1}},"48":{"start":{"line":76,"column":31},"end":{"line":79,"column":8}},"49":{"start":{"line":77,"column":4},"end":{"line":77,"column":73}},"50":{"start":{"line":78,"column":4},"end":{"line":78,"column":15}},"51":{"start":{"line":81,"column":2},"end":{"line":97,"column":4}},"52":{"start":{"line":99,"column":29},"end":{"line":127,"column":1}},"53":{"start":{"line":100,"column":31},"end":{"line":100,"column":33}},"54":{"start":{"line":102,"column":2},"end":{"line":109,"column":5}},"55":{"start":{"line":103,"column":38},"end":{"line":103,"column":45}},"56":{"start":{"line":104,"column":4},"end":{"line":106,"column":5}},"57":{"start":{"line":105,"column":6},"end":{"line":105,"column":68}},"58":{"start":{"line":107,"column":4},"end":{"line":107,"column":56}},"59":{"start":{"line":108,"column":4},"end":{"line":108,"column":52}},"60":{"start":{"line":111,"column":17},"end":{"line":111,"column":50}},"61":{"start":{"line":112,"column":20},"end":{"line":115,"column":3}},"62":{"start":{"line":114,"column":6},"end":{"line":114,"column":73}},"63":{"start":{"line":117,"column":2},"end":{"line":126,"column":4}},"64":{"start":{"line":131,"column":0},"end":{"line":134,"column":2}}},"fnMap":{"0":{"name":"(anonymous_0)","decl":{"start":{"line":2,"column":24},"end":{"line":2,"column":25}},"loc":{"start":{"line":2,"column":37},"end":{"line":9,"column":1}},"line":2},"1":{"name":"(anonymous_1)","decl":{"start":{"line":11,"column":23},"end":{"line":11,"column":24}},"loc":{"start":{"line":11,"column":29},"end":{"line":11,"column":63}},"line":11},"2":{"name":"(anonymous_2)","decl":{"start":{"line":13,"column":23},"end":{"line":13,"column":24}},"loc":{"start":{"line":13,"column":31},"end":{"line":13,"column":67}},"line":13},"3":{"name":"(anonymous_3)","decl":{"start":{"line":15,"column":19},"end":{"line":15,"column":20}},"loc":{"start":{"line":15,"column":32},"end":{"line":20,"column":1}},"line":15},"4":{"name":"updateStudent","decl":{"start":{"line":28,"column":9},"end":{"line":28,"column":22}},"loc":{"start":{"line":28,"column":40},"end":{"line":47,"column":3}},"line":28},"5":{"name":"(anonymous_5)","decl":{"start":{"line":30,"column":34},"end":{"line":30,"column":35}},"loc":{"start":{"line":30,"column":45},"end":{"line":30,"column":72}},"line":30},"6":{"name":"(anonymous_6)","decl":{"start":{"line":40,"column":37},"end":{"line":40,"column":38}},"loc":{"start":{"line":40,"column":44},"end":{"line":44,"column":5}},"line":40},"7":{"name":"(anonymous_7)","decl":{"start":{"line":50,"column":36},"end":{"line":50,"column":37}},"loc":{"start":{"line":50,"column":56},"end":{"line":54,"column":1}},"line":50},"8":{"name":"(anonymous_8)","decl":{"start":{"line":52,"column":27},"end":{"line":52,"column":28}},"loc":{"start":{"line":52,"column":38},"end":{"line":52,"column":79}},"line":52},"9":{"name":"(anonymous_9)","decl":{"start":{"line":56,"column":22},"end":{"line":56,"column":23}},"loc":{"start":{"line":56,"column":30},"end":{"line":56,"column":65}},"line":56},"10":{"name":"(anonymous_10)","decl":{"start":{"line":58,"column":26},"end":{"line":58,"column":27}},"loc":{"start":{"line":58,"column":31},"end":{"line":61,"column":1}},"line":58},"11":{"name":"(anonymous_11)","decl":{"start":{"line":60,"column":27},"end":{"line":60,"column":28}},"loc":{"start":{"line":60,"column":38},"end":{"line":60,"column":55}},"line":60},"12":{"name":"(anonymous_12)","decl":{"start":{"line":62,"column":26},"end":{"line":62,"column":27}},"loc":{"start":{"line":62,"column":40},"end":{"line":73,"column":1}},"line":62},"13":{"name":"(anonymous_13)","decl":{"start":{"line":64,"column":25},"end":{"line":64,"column":26}},"loc":{"start":{"line":64,"column":32},"end":{"line":64,"column":38}},"line":64},"14":{"name":"(anonymous_14)","decl":{"start":{"line":68,"column":27},"end":{"line":68,"column":28}},"loc":{"start":{"line":68,"column":34},"end":{"line":68,"column":41}},"line":68},"15":{"name":"(anonymous_15)","decl":{"start":{"line":75,"column":35},"end":{"line":75,"column":36}},"loc":{"start":{"line":75,"column":49},"end":{"line":98,"column":1}},"line":75},"16":{"name":"(anonymous_16)","decl":{"start":{"line":76,"column":47},"end":{"line":76,"column":48}},"loc":{"start":{"line":76,"column":65},"end":{"line":79,"column":3}},"line":76},"17":{"name":"(anonymous_17)","decl":{"start":{"line":99,"column":29},"end":{"line":99,"column":30}},"loc":{"start":{"line":99,"column":43},"end":{"line":127,"column":1}},"line":99},"18":{"name":"(anonymous_18)","decl":{"start":{"line":102,"column":19},"end":{"line":102,"column":20}},"loc":{"start":{"line":102,"column":32},"end":{"line":109,"column":3}},"line":102},"19":{"name":"(anonymous_19)","decl":{"start":{"line":113,"column":4},"end":{"line":113,"column":5}},"loc":{"start":{"line":114,"column":6},"end":{"line":114,"column":73}},"line":114}},"branchMap":{"0":{"loc":{"start":{"line":4,"column":2},"end":{"line":4,"column":78}},"type":"if","locations":[{"start":{"line":4,"column":2},"end":{"line":4,"column":78}},{"start":{},"end":{}}],"line":4},"1":{"loc":{"start":{"line":4,"column":6},"end":{"line":4,"column":43}},"type":"binary-expr","locations":[{"start":{"line":4,"column":6},"end":{"line":4,"column":19}},{"start":{"line":4,"column":23},"end":{"line":4,"column":43}}],"line":4},"2":{"loc":{"start":{"line":5,"column":2},"end":{"line":5,"column":57}},"type":"if","locations":[{"start":{"line":5,"column":2},"end":{"line":5,"column":57}},{"start":{},"end":{}}],"line":5},"3":{"loc":{"start":{"line":6,"column":2},"end":{"line":6,"column":105}},"type":"if","locations":[{"start":{"line":6,"column":2},"end":{"line":6,"column":105}},{"start":{},"end":{}}],"line":6},"4":{"loc":{"start":{"line":6,"column":6},"end":{"line":6,"column":58}},"type":"binary-expr","locations":[{"start":{"line":6,"column":6},"end":{"line":6,"column":18}},{"start":{"line":6,"column":22},"end":{"line":6,"column":38}},{"start":{"line":6,"column":42},"end":{"line":6,"column":58}}],"line":6},"5":{"loc":{"start":{"line":7,"column":2},"end":{"line":7,"column":113}},"type":"if","locations":[{"start":{"line":7,"column":2},"end":{"line":7,"column":113}},{"start":{},"end":{}}],"line":7},"6":{"loc":{"start":{"line":7,"column":6},"end":{"line":7,"column":63}},"type":"binary-expr","locations":[{"start":{"line":7,"column":6},"end":{"line":7,"column":20}},{"start":{"line":7,"column":24},"end":{"line":7,"column":41}},{"start":{"line":7,"column":45},"end":{"line":7,"column":63}}],"line":7},"7":{"loc":{"start":{"line":17,"column":2},"end":{"line":17,"column":56}},"type":"if","locations":[{"start":{"line":17,"column":2},"end":{"line":17,"column":56}},{"start":{},"end":{}}],"line":17},"8":{"loc":{"start":{"line":31,"column":4},"end":{"line":31,"column":30}},"type":"if","locations":[{"start":{"line":31,"column":4},"end":{"line":31,"column":30}},{"start":{},"end":{}}],"line":31},"9":{"loc":{"start":{"line":35,"column":4},"end":{"line":37,"column":5}},"type":"if","locations":[{"start":{"line":35,"column":4},"end":{"line":37,"column":5}},{"start":{},"end":{}}],"line":35},"10":{"loc":{"start":{"line":41,"column":6},"end":{"line":43,"column":7}},"type":"if","locations":[{"start":{"line":41,"column":6},"end":{"line":43,"column":7}},{"start":{},"end":{}}],"line":41},"11":{"loc":{"start":{"line":77,"column":35},"end":{"line":77,"column":67}},"type":"binary-expr","locations":[{"start":{"line":77,"column":35},"end":{"line":77,"column":62}},{"start":{"line":77,"column":66},"end":{"line":77,"column":67}}],"line":77},"12":{"loc":{"start":{"line":104,"column":4},"end":{"line":106,"column":5}},"type":"if","locations":[{"start":{"line":104,"column":4},"end":{"line":106,"column":5}},{"start":{},"end":{}}],"line":104}},"s":{"0":1,"1":1,"2":0,"3":0,"4":0,"5":0,"6":0,"7":0,"8":0,"9":0,"10":0,"11":0,"12":1,"13":0,"14":1,"15":0,"16":1,"17":0,"18":0,"19":0,"20":0,"21":0,"22":0,"23":0,"24":0,"25":0,"26":0,"27":0,"28":0,"29":0,"30":0,"31":0,"32":0,"33":1,"34":0,"35":0,"36":0,"37":1,"38":0,"39":1,"40":0,"41":0,"42":0,"43":1,"44":0,"45":0,"46":0,"47":1,"48":0,"49":0,"50":0,"51":0,"52":1,"53":0,"54":0,"55":0,"56":0,"57":0,"58":0,"59":0,"60":0,"61":0,"62":0,"63":0,"64":1},"f":{"0":0,"1":0,"2":0,"3":0,"4":0,"5":0,"6":0,"7":0,"8":0,"9":0,"10":0,"11":0,"12":0,"13":0,"14":0,"15":0,"16":0,"17":0,"18":0,"19":0},"b":{"0":[0,0],"1":[0,0],"2":[0,0],"3":[0,0],"4":[0,0,0],"5":[0,0],"6":[0,0,0],"7":[0,0],"8":[0,0],"9":[0,0],"10":[0,0],"11":[0,0],"12":[0,0]},"_coverageSchema":"1a1c01bbd47fc00a2c39e90264f33305004495a9","hash":"f97079a00d2930730d55c473acc58e4e351f35a7"}
,"C:\\Users\\vostro\\sm-app\\backend\\studentsRoutes.js": {"path":"C:\\Users\\vostro\\sm-app\\backend\\studentsRoutes.js","statementMap":{"0":{"start":{"line":1,"column":16},"end":{"line":1,"column":34}},"1":{"start":{"line":2,"column":23},"end":{"line":2,"column":50}},"2":{"start":{"line":3,"column":17},"end":{"line":3,"column":42}},"3":{"start":{"line":7,"column":86},"end":{"line":7,"column":114}},"4":{"start":{"line":9,"column":15},"end":{"line":9,"column":31}},"5":{"start":{"line":12,"column":0},"end":{"line":22,"column":3}},"6":{"start":{"line":13,"column":2},"end":{"line":21,"column":3}},"7":{"start":{"line":14,"column":21},"end":{"line":14,"column":52}},"8":{"start":{"line":15,"column":22},"end":{"line":15,"column":64}},"9":{"start":{"line":17,"column":4},"end":{"line":17,"column":42}},"10":{"start":{"line":18,"column":4},"end":{"line":18,"column":24}},"11":{"start":{"line":20,"column":4},"end":{"line":20,"column":80}},"12":{"start":{"line":25,"column":0},"end":{"line":33,"column":3}},"13":{"start":{"line":26,"column":2},"end":{"line":32,"column":3}},"14":{"start":{"line":27,"column":21},"end":{"line":27,"column":52}},"15":{"start":{"line":28,"column":22},"end":{"line":28,"column":76}},"16":{"start":{"line":29,"column":4},"end":{"line":29,"column":24}},"17":{"start":{"line":31,"column":4},"end":{"line":31,"column":89}},"18":{"start":{"line":36,"column":0},"end":{"line":44,"column":3}},"19":{"start":{"line":37,"column":2},"end":{"line":43,"column":3}},"20":{"start":{"line":38,"column":21},"end":{"line":38,"column":52}},"21":{"start":{"line":39,"column":22},"end":{"line":39,"column":70}},"22":{"start":{"line":40,"column":4},"end":{"line":40,"column":24}},"23":{"start":{"line":42,"column":4},"end":{"line":42,"column":88}},"24":{"start":{"line":49,"column":0},"end":{"line":58,"column":3}},"25":{"start":{"line":50,"column":25},"end":{"line":50,"column":40}},"26":{"start":{"line":51,"column":2},"end":{"line":56,"column":3}},"27":{"start":{"line":52,"column":21},"end":{"line":52,"column":79}},"28":{"start":{"line":53,"column":4},"end":{"line":53,"column":23}},"29":{"start":{"line":55,"column":4},"end":{"line":55,"column":82}},"30":{"start":{"line":60,"column":0},"end":{"line":67,"column":5}},"31":{"start":{"line":61,"column":4},"end":{"line":66,"column":5}},"32":{"start":{"line":62,"column":23},"end":{"line":62,"column":58}},"33":{"start":{"line":63,"column":6},"end":{"line":63,"column":25}},"34":{"start":{"line":65,"column":6},"end":{"line":65,"column":83}},"35":{"start":{"line":74,"column":0},"end":{"line":83,"column":5}},"36":{"start":{"line":75,"column":4},"end":{"line":82,"column":5}},"37":{"start":{"line":76,"column":23},"end":{"line":76,"column":54}},"38":{"start":{"line":77,"column":6},"end":{"line":77,"column":54}},"39":{"start":{"line":78,"column":29},"end":{"line":78,"column":67}},"40":{"start":{"line":78,"column":53},"end":{"line":78,"column":66}},"41":{"start":{"line":79,"column":6},"end":{"line":79,"column":31}},"42":{"start":{"line":81,"column":6},"end":{"line":81,"column":73}},"43":{"start":{"line":86,"column":2},"end":{"line":94,"column":5}},"44":{"start":{"line":87,"column":4},"end":{"line":93,"column":5}},"45":{"start":{"line":88,"column":23},"end":{"line":88,"column":54}},"46":{"start":{"line":89,"column":29},"end":{"line":89,"column":67}},"47":{"start":{"line":89,"column":53},"end":{"line":89,"column":66}},"48":{"start":{"line":90,"column":6},"end":{"line":90,"column":31}},"49":{"start":{"line":92,"column":6},"end":{"line":92,"column":73}},"50":{"start":{"line":97,"column":0},"end":{"line":99,"column":3}},"51":{"start":{"line":98,"column":2},"end":{"line":98,"column":44}},"52":{"start":{"line":102,"column":0},"end":{"line":106,"column":3}},"53":{"start":{"line":103,"column":18},"end":{"line":103,"column":62}},"54":{"start":{"line":104,"column":2},"end":{"line":104,"column":78}},"55":{"start":{"line":104,"column":16},"end":{"line":104,"column":78}},"56":{"start":{"line":105,"column":2},"end":{"line":105,"column":20}},"57":{"start":{"line":109,"column":0},"end":{"line":114,"column":3}},"58":{"start":{"line":110,"column":17},"end":{"line":110,"column":52}},"59":{"start":{"line":111,"column":2},"end":{"line":111,"column":76}},"60":{"start":{"line":111,"column":21},"end":{"line":111,"column":76}},"61":{"start":{"line":113,"column":2},"end":{"line":113,"column":31}},"62":{"start":{"line":126,"column":0},"end":{"line":131,"column":3}},"63":{"start":{"line":127,"column":18},"end":{"line":127,"column":61}},"64":{"start":{"line":128,"column":2},"end":{"line":128,"column":78}},"65":{"start":{"line":128,"column":16},"end":{"line":128,"column":78}},"66":{"start":{"line":130,"column":2},"end":{"line":130,"column":56}},"67":{"start":{"line":133,"column":0},"end":{"line":139,"column":5}},"68":{"start":{"line":134,"column":19},"end":{"line":134,"column":72}},"69":{"start":{"line":135,"column":4},"end":{"line":135,"column":78}},"70":{"start":{"line":135,"column":23},"end":{"line":135,"column":78}},"71":{"start":{"line":136,"column":4},"end":{"line":136,"column":87}},"72":{"start":{"line":136,"column":25},"end":{"line":136,"column":87}},"73":{"start":{"line":138,"column":4},"end":{"line":138,"column":21}},"74":{"start":{"line":142,"column":0},"end":{"line":142,"column":24}}},"fnMap":{"0":{"name":"(anonymous_0)","decl":{"start":{"line":12,"column":28},"end":{"line":12,"column":29}},"loc":{"start":{"line":12,"column":42},"end":{"line":22,"column":1}},"line":12},"1":{"name":"(anonymous_1)","decl":{"start":{"line":25,"column":36},"end":{"line":25,"column":37}},"loc":{"start":{"line":25,"column":50},"end":{"line":33,"column":1}},"line":25},"2":{"name":"(anonymous_2)","decl":{"start":{"line":36,"column":30},"end":{"line":36,"column":31}},"loc":{"start":{"line":36,"column":44},"end":{"line":44,"column":1}},"line":36},"3":{"name":"(anonymous_3)","decl":{"start":{"line":49,"column":33},"end":{"line":49,"column":34}},"loc":{"start":{"line":49,"column":47},"end":{"line":58,"column":1}},"line":49},"4":{"name":"(anonymous_4)","decl":{"start":{"line":60,"column":27},"end":{"line":60,"column":28}},"loc":{"start":{"line":60,"column":41},"end":{"line":67,"column":3}},"line":60},"5":{"name":"(anonymous_5)","decl":{"start":{"line":74,"column":24},"end":{"line":74,"column":25}},"loc":{"start":{"line":74,"column":38},"end":{"line":83,"column":3}},"line":74},"6":{"name":"(anonymous_6)","decl":{"start":{"line":78,"column":43},"end":{"line":78,"column":44}},"loc":{"start":{"line":78,"column":53},"end":{"line":78,"column":66}},"line":78},"7":{"name":"(anonymous_7)","decl":{"start":{"line":86,"column":27},"end":{"line":86,"column":28}},"loc":{"start":{"line":86,"column":41},"end":{"line":94,"column":3}},"line":86},"8":{"name":"(anonymous_8)","decl":{"start":{"line":89,"column":43},"end":{"line":89,"column":44}},"loc":{"start":{"line":89,"column":53},"end":{"line":89,"column":66}},"line":89},"9":{"name":"(anonymous_9)","decl":{"start":{"line":97,"column":16},"end":{"line":97,"column":17}},"loc":{"start":{"line":97,"column":30},"end":{"line":99,"column":1}},"line":97},"10":{"name":"(anonymous_10)","decl":{"start":{"line":102,"column":19},"end":{"line":102,"column":20}},"loc":{"start":{"line":102,"column":33},"end":{"line":106,"column":1}},"line":102},"11":{"name":"(anonymous_11)","decl":{"start":{"line":109,"column":17},"end":{"line":109,"column":18}},"loc":{"start":{"line":109,"column":31},"end":{"line":114,"column":1}},"line":109},"12":{"name":"(anonymous_12)","decl":{"start":{"line":126,"column":22},"end":{"line":126,"column":23}},"loc":{"start":{"line":126,"column":36},"end":{"line":131,"column":1}},"line":126},"13":{"name":"(anonymous_13)","decl":{"start":{"line":133,"column":21},"end":{"line":133,"column":22}},"loc":{"start":{"line":133,"column":35},"end":{"line":139,"column":3}},"line":133}},"branchMap":{"0":{"loc":{"start":{"line":104,"column":2},"end":{"line":104,"column":78}},"type":"if","locations":[{"start":{"line":104,"column":2},"end":{"line":104,"column":78}},{"start":{},"end":{}}],"line":104},"1":{"loc":{"start":{"line":111,"column":2},"end":{"line":111,"column":76}},"type":"if","locations":[{"start":{"line":111,"column":2},"end":{"line":111,"column":76}},{"start":{},"end":{}}],"line":111},"2":{"loc":{"start":{"line":128,"column":2},"end":{"line":128,"column":78}},"type":"if","locations":[{"start":{"line":128,"column":2},"end":{"line":128,"column":78}},{"start":{},"end":{}}],"line":128},"3":{"loc":{"start":{"line":135,"column":4},"end":{"line":135,"column":78}},"type":"if","locations":[{"start":{"line":135,"column":4},"end":{"line":135,"column":78}},{"start":{},"end":{}}],"line":135},"4":{"loc":{"start":{"line":136,"column":4},"end":{"line":136,"column":87}},"type":"if","locations":[{"start":{"line":136,"column":4},"end":{"line":136,"column":87}},{"start":{},"end":{}}],"line":136}},"s":{"0":1,"1":1,"2":1,"3":1,"4":1,"5":1,"6":0,"7":0,"8":0,"9":0,"10":0,"11":0,"12":1,"13":0,"14":0,"15":0,"16":0,"17":0,"18":1,"19":0,"20":0,"21":0,"22":0,"23":0,"24":1,"25":2,"26":2,"27":2,"28":1,"29":1,"30":1,"31":1,"32":1,"33":1,"34":0,"35":1,"36":1,"37":1,"38":1,"39":1,"40":1,"41":1,"42":0,"43":1,"44":1,"45":1,"46":1,"47":1,"48":1,"49":0,"50":1,"51":1,"52":1,"53":2,"54":2,"55":1,"56":1,"57":1,"58":2,"59":2,"60":1,"61":1,"62":1,"63":2,"64":2,"65":1,"66":1,"67":1,"68":2,"69":2,"70":1,"71":1,"72":0,"73":1,"74":1},"f":{"0":0,"1":0,"2":0,"3":2,"4":1,"5":1,"6":1,"7":1,"8":1,"9":1,"10":2,"11":2,"12":2,"13":2},"b":{"0":[1,1],"1":[1,1],"2":[1,1],"3":[1,1],"4":[0,1]},"_coverageSchema":"1a1c01bbd47fc00a2c39e90264f33305004495a9","hash":"7ead9209f0abffc7f64907431b7a74851b17789e"}
}
